-------------------------------------------------------------------------------
Test set: CourierLoginTest
-------------------------------------------------------------------------------
Tests run: 5, Failures: 1, Errors: 0, Skipped: 0, Time elapsed: 62.938 s <<< FAILURE! - in CourierLoginTest
courierLoginEmptyPasswordTest(CourierLoginTest)  Time elapsed: 60.715 s  <<< FAILURE!
java.lang.AssertionError: expected:<400> but was:<504>
	at CourierLoginTest.courierLoginEmptyPasswordTest(CourierLoginTest.java:51)

